<?xml version="1.0" encoding="UTF-8"?>
<testng-results ignored="4" total="6" passed="2" failed="0" skipped="0">
  <reporter-output>
  </reporter-output>
  <suite started-at="2025-02-21T23:08:42 GMT-08:00" name="Suite" finished-at="2025-02-21T23:08:56 GMT-08:00" duration-ms="14725">
    <groups>
      <group name="smoke">
        <method signature="Test1.ex1()[pri:0, instance:Practice1.Test1@1189dd52]" name="ex1" class="Practice1.Test1"/>
        <method signature="Test2.ex3()[pri:0, instance:Practice1.Test2@436813f3]" name="ex3" class="Practice1.Test2"/>
      </group> <!-- smoke -->
    </groups>
    <test started-at="2025-02-21T23:08:42 GMT-08:00" name="Test" finished-at="2025-02-21T23:08:56 GMT-08:00" duration-ms="14725">
      <class name="Practice1.Test2">
        <test-method is-config="true" signature="beforeclass()[pri:0, instance:Practice1.Test2@436813f3]" started-at="2025-02-21T23:08:48 GMT-08:00" name="beforeclass" finished-at="2025-02-21T23:08:52 GMT-08:00" duration-ms="3679" status="PASS">
          <reporter-output>
          </reporter-output>
        </test-method> <!-- beforeclass -->
        <test-method is-config="true" signature="beforeMethod()[pri:0, instance:Practice1.Test2@436813f3]" started-at="2025-02-21T23:08:52 GMT-08:00" name="beforeMethod" finished-at="2025-02-21T23:08:55 GMT-08:00" duration-ms="2625" status="PASS">
          <reporter-output>
          </reporter-output>
        </test-method> <!-- beforeMethod -->
        <test-method signature="ex3()[pri:0, instance:Practice1.Test2@436813f3]" started-at="2025-02-21T23:08:55 GMT-08:00" name="ex3" finished-at="2025-02-21T23:08:55 GMT-08:00" duration-ms="3" status="PASS">
          <reporter-output>
          </reporter-output>
        </test-method> <!-- ex3 -->
        <test-method is-config="true" signature="afterMethod()[pri:0, instance:Practice1.Test2@436813f3]" started-at="2025-02-21T23:08:55 GMT-08:00" name="afterMethod" finished-at="2025-02-21T23:08:56 GMT-08:00" duration-ms="1052" status="PASS">
          <reporter-output>
          </reporter-output>
        </test-method> <!-- afterMethod -->
        <test-method is-config="true" signature="Afterclass()[pri:0, instance:Practice1.Test2@436813f3]" started-at="2025-02-21T23:08:56 GMT-08:00" name="Afterclass" finished-at="2025-02-21T23:08:56 GMT-08:00" duration-ms="520" status="PASS">
          <reporter-output>
          </reporter-output>
        </test-method> <!-- Afterclass -->
      </class> <!-- Practice1.Test2 -->
      <class name="Practice1.Test1">
        <test-method is-config="true" signature="configBasesuit()[pri:0, instance:Practice1.Test1@1189dd52]" started-at="2025-02-21T23:08:41 GMT-08:00" name="configBasesuit" finished-at="2025-02-21T23:08:42 GMT-08:00" duration-ms="423" status="PASS">
          <reporter-output>
          </reporter-output>
        </test-method> <!-- configBasesuit -->
        <test-method is-config="true" signature="beforeclass()[pri:0, instance:Practice1.Test1@1189dd52]" started-at="2025-02-21T23:08:42 GMT-08:00" name="beforeclass" finished-at="2025-02-21T23:08:45 GMT-08:00" duration-ms="3395" status="PASS">
          <reporter-output>
          </reporter-output>
        </test-method> <!-- beforeclass -->
        <test-method is-config="true" signature="beforeMethod()[pri:0, instance:Practice1.Test1@1189dd52]" started-at="2025-02-21T23:08:45 GMT-08:00" name="beforeMethod" finished-at="2025-02-21T23:08:47 GMT-08:00" duration-ms="2248" status="PASS">
          <reporter-output>
          </reporter-output>
        </test-method> <!-- beforeMethod -->
        <test-method signature="ex1()[pri:0, instance:Practice1.Test1@1189dd52]" started-at="2025-02-21T23:08:47 GMT-08:00" name="ex1" finished-at="2025-02-21T23:08:47 GMT-08:00" duration-ms="12" status="PASS">
          <reporter-output>
          </reporter-output>
        </test-method> <!-- ex1 -->
        <test-method is-config="true" signature="afterMethod()[pri:0, instance:Practice1.Test1@1189dd52]" started-at="2025-02-21T23:08:47 GMT-08:00" name="afterMethod" finished-at="2025-02-21T23:08:48 GMT-08:00" duration-ms="866" status="PASS">
          <reporter-output>
          </reporter-output>
        </test-method> <!-- afterMethod -->
        <test-method is-config="true" signature="Afterclass()[pri:0, instance:Practice1.Test1@1189dd52]" started-at="2025-02-21T23:08:48 GMT-08:00" name="Afterclass" finished-at="2025-02-21T23:08:48 GMT-08:00" duration-ms="272" status="PASS">
          <reporter-output>
          </reporter-output>
        </test-method> <!-- Afterclass -->
        <test-method is-config="true" signature="Aftersuite()[pri:0, instance:Practice1.Test1@1189dd52]" started-at="2025-02-21T23:08:56 GMT-08:00" name="Aftersuite" finished-at="2025-02-21T23:08:56 GMT-08:00" duration-ms="17" status="PASS">
          <reporter-output>
          </reporter-output>
        </test-method> <!-- Aftersuite -->
      </class> <!-- Practice1.Test1 -->
    </test> <!-- Test -->
  </suite> <!-- Suite -->
</testng-results>
