<?xml version="1.0" encoding="UTF-8"?>
<testng-results ignored="2" total="7" passed="5" failed="0" skipped="0">
  <reporter-output>
  </reporter-output>
  <suite started-at="2025-02-21T12:05:09 GMT-08:00" name="Suite" finished-at="2025-02-21T12:05:34 GMT-08:00" duration-ms="24527">
    <groups>
      <group name="smoke">
        <method signature="Test1.ex1()[pri:0, instance:Practice1.Test1@72d1ad2e]" name="ex1" class="Practice1.Test1"/>
        <method signature="Test2.ex3()[pri:0, instance:Practice1.Test2@1189dd52]" name="ex3" class="Practice1.Test2"/>
      </group> <!-- smoke -->
    </groups>
    <test started-at="2025-02-21T12:05:09 GMT-08:00" name="test2" finished-at="2025-02-21T12:05:22 GMT-08:00" duration-ms="12179">
      <class name="Practice1.SampleTest">
        <test-method is-config="true" signature="configBasesuit()[pri:0, instance:Practice1.SampleTest@128d2484]" started-at="2025-02-21T12:05:09 GMT-08:00" name="configBasesuit" finished-at="2025-02-21T12:05:09 GMT-08:00" duration-ms="477" status="PASS">
          <reporter-output>
          </reporter-output>
        </test-method> <!-- configBasesuit -->
        <test-method is-config="true" signature="beforeclass()[pri:0, instance:Practice1.SampleTest@128d2484]" started-at="2025-02-21T12:05:09 GMT-08:00" name="beforeclass" finished-at="2025-02-21T12:05:14 GMT-08:00" duration-ms="4352" status="PASS">
          <reporter-output>
          </reporter-output>
        </test-method> <!-- beforeclass -->
        <test-method is-config="true" signature="beforeMethod()[pri:0, instance:Practice1.SampleTest@128d2484]" started-at="2025-02-21T12:05:14 GMT-08:00" name="beforeMethod" finished-at="2025-02-21T12:05:21 GMT-08:00" duration-ms="6707" status="PASS">
          <reporter-output>
          </reporter-output>
        </test-method> <!-- beforeMethod -->
        <test-method signature="method5()[pri:0, instance:Practice1.SampleTest@128d2484]" started-at="2025-02-21T12:05:21 GMT-08:00" name="method5" finished-at="2025-02-21T12:05:21 GMT-08:00" duration-ms="0" status="PASS">
          <reporter-output>
          </reporter-output>
        </test-method> <!-- method5 -->
        <test-method is-config="true" signature="afterMethod()[pri:0, instance:Practice1.SampleTest@128d2484]" started-at="2025-02-21T12:05:21 GMT-08:00" name="afterMethod" finished-at="2025-02-21T12:05:21 GMT-08:00" duration-ms="780" status="PASS">
          <reporter-output>
          </reporter-output>
        </test-method> <!-- afterMethod -->
        <test-method is-config="true" signature="Afterclass()[pri:0, instance:Practice1.SampleTest@128d2484]" started-at="2025-02-21T12:05:21 GMT-08:00" name="Afterclass" finished-at="2025-02-21T12:05:22 GMT-08:00" duration-ms="322" status="PASS">
          <reporter-output>
          </reporter-output>
        </test-method> <!-- Afterclass -->
        <test-method is-config="true" signature="Aftersuite()[pri:0, instance:Practice1.SampleTest@128d2484]" started-at="2025-02-21T12:05:34 GMT-08:00" name="Aftersuite" finished-at="2025-02-21T12:05:34 GMT-08:00" duration-ms="3" status="PASS">
          <reporter-output>
          </reporter-output>
        </test-method> <!-- Aftersuite -->
      </class> <!-- Practice1.SampleTest -->
    </test> <!-- test2 -->
    <test started-at="2025-02-21T12:05:09 GMT-08:00" name="test1" finished-at="2025-02-21T12:05:34 GMT-08:00" duration-ms="24527">
      <class name="Practice1.Test2">
        <test-method is-config="true" signature="beforeclass()[pri:0, instance:Practice1.Test2@1189dd52]" started-at="2025-02-21T12:05:24 GMT-08:00" name="beforeclass" finished-at="2025-02-21T12:05:27 GMT-08:00" duration-ms="3105" status="PASS">
          <reporter-output>
          </reporter-output>
        </test-method> <!-- beforeclass -->
        <test-method is-config="true" signature="beforeMethod()[pri:0, instance:Practice1.Test2@1189dd52]" started-at="2025-02-21T12:05:27 GMT-08:00" name="beforeMethod" finished-at="2025-02-21T12:05:31 GMT-08:00" duration-ms="3814" status="PASS">
          <reporter-output>
          </reporter-output>
        </test-method> <!-- beforeMethod -->
        <test-method signature="ex3()[pri:0, instance:Practice1.Test2@1189dd52]" started-at="2025-02-21T12:05:31 GMT-08:00" name="ex3" finished-at="2025-02-21T12:05:31 GMT-08:00" duration-ms="1" status="PASS">
          <reporter-output>
          </reporter-output>
        </test-method> <!-- ex3 -->
        <test-method is-config="true" signature="afterMethod()[pri:0, instance:Practice1.Test2@1189dd52]" started-at="2025-02-21T12:05:31 GMT-08:00" name="afterMethod" finished-at="2025-02-21T12:05:31 GMT-08:00" duration-ms="758" status="PASS">
          <reporter-output>
          </reporter-output>
        </test-method> <!-- afterMethod -->
        <test-method is-config="true" signature="beforeMethod()[pri:0, instance:Practice1.Test2@1189dd52]" started-at="2025-02-21T12:05:31 GMT-08:00" name="beforeMethod" finished-at="2025-02-21T12:05:32 GMT-08:00" duration-ms="1214" status="PASS">
          <reporter-output>
          </reporter-output>
        </test-method> <!-- beforeMethod -->
        <test-method signature="ex4()[pri:0, instance:Practice1.Test2@1189dd52]" started-at="2025-02-21T12:05:32 GMT-08:00" name="ex4" finished-at="2025-02-21T12:05:32 GMT-08:00" duration-ms="1" status="PASS">
          <reporter-output>
          </reporter-output>
        </test-method> <!-- ex4 -->
        <test-method is-config="true" signature="afterMethod()[pri:0, instance:Practice1.Test2@1189dd52]" started-at="2025-02-21T12:05:32 GMT-08:00" name="afterMethod" finished-at="2025-02-21T12:05:34 GMT-08:00" duration-ms="1219" status="PASS">
          <reporter-output>
          </reporter-output>
        </test-method> <!-- afterMethod -->
        <test-method is-config="true" signature="Afterclass()[pri:0, instance:Practice1.Test2@1189dd52]" started-at="2025-02-21T12:05:34 GMT-08:00" name="Afterclass" finished-at="2025-02-21T12:05:34 GMT-08:00" duration-ms="251" status="PASS">
          <reporter-output>
          </reporter-output>
        </test-method> <!-- Afterclass -->
      </class> <!-- Practice1.Test2 -->
      <class name="Practice1.Test1">
        <test-method is-config="true" signature="beforeclass()[pri:0, instance:Practice1.Test1@72d1ad2e]" started-at="2025-02-21T12:05:09 GMT-08:00" name="beforeclass" finished-at="2025-02-21T12:05:14 GMT-08:00" duration-ms="4181" status="PASS">
          <reporter-output>
          </reporter-output>
        </test-method> <!-- beforeclass -->
        <test-method is-config="true" signature="beforeMethod()[pri:0, instance:Practice1.Test1@72d1ad2e]" started-at="2025-02-21T12:05:14 GMT-08:00" name="beforeMethod" finished-at="2025-02-21T12:05:20 GMT-08:00" duration-ms="6451" status="PASS">
          <reporter-output>
          </reporter-output>
        </test-method> <!-- beforeMethod -->
        <test-method signature="ex1()[pri:0, instance:Practice1.Test1@72d1ad2e]" started-at="2025-02-21T12:05:20 GMT-08:00" name="ex1" finished-at="2025-02-21T12:05:20 GMT-08:00" duration-ms="14" status="PASS">
          <reporter-output>
          </reporter-output>
        </test-method> <!-- ex1 -->
        <test-method is-config="true" signature="afterMethod()[pri:0, instance:Practice1.Test1@72d1ad2e]" started-at="2025-02-21T12:05:20 GMT-08:00" name="afterMethod" finished-at="2025-02-21T12:05:21 GMT-08:00" duration-ms="795" status="PASS">
          <reporter-output>
          </reporter-output>
        </test-method> <!-- afterMethod -->
        <test-method is-config="true" signature="beforeMethod()[pri:0, instance:Practice1.Test1@72d1ad2e]" started-at="2025-02-21T12:05:21 GMT-08:00" name="beforeMethod" finished-at="2025-02-21T12:05:22 GMT-08:00" duration-ms="1214" status="PASS">
          <reporter-output>
          </reporter-output>
        </test-method> <!-- beforeMethod -->
        <test-method signature="ex2()[pri:0, instance:Practice1.Test1@72d1ad2e]" started-at="2025-02-21T12:05:22 GMT-08:00" name="ex2" finished-at="2025-02-21T12:05:22 GMT-08:00" duration-ms="0" status="PASS">
          <reporter-output>
          </reporter-output>
        </test-method> <!-- ex2 -->
        <test-method is-config="true" signature="afterMethod()[pri:0, instance:Practice1.Test1@72d1ad2e]" started-at="2025-02-21T12:05:22 GMT-08:00" name="afterMethod" finished-at="2025-02-21T12:05:23 GMT-08:00" duration-ms="1179" status="PASS">
          <reporter-output>
          </reporter-output>
        </test-method> <!-- afterMethod -->
        <test-method is-config="true" signature="Afterclass()[pri:0, instance:Practice1.Test1@72d1ad2e]" started-at="2025-02-21T12:05:23 GMT-08:00" name="Afterclass" finished-at="2025-02-21T12:05:24 GMT-08:00" duration-ms="283" status="PASS">
          <reporter-output>
          </reporter-output>
        </test-method> <!-- Afterclass -->
      </class> <!-- Practice1.Test1 -->
    </test> <!-- test1 -->
  </suite> <!-- Suite -->
</testng-results>
