<?xml version="1.0" encoding="UTF-8"?>
<!-- Generated by org.testng.reporters.JUnitXMLReporter -->
<testsuite ignored="4" hostname="DESKTOP-FS56NRS" failures="0" tests="2" name="Test" time="14.725" errors="0" timestamp="2025-02-21T23:08:56 GMT-08:00">
  <testcase classname="Practice1.Test1" name="ex1" time="0.012"/>
  <testcase classname="Practice1.Test2" name="ex3" time="0.003"/>
  <testcase classname="GenericUtility.BaseClass" name="@BeforeSuite configBasesuit" time="0.0">
    <ignored/>
  </testcase> <!-- @BeforeSuite configBasesuit -->
  <testcase classname="Practice1.Test2" name="ex4" time="0.0">
    <ignored/>
  </testcase> <!-- ex4 -->
  <testcase classname="GenericUtility.BaseClass" name="@AfterSuite Aftersuite" time="0.0">
    <ignored/>
  </testcase> <!-- @AfterSuite Aftersuite -->
  <testcase classname="Practice1.Test1" name="ex2" time="0.0">
    <ignored/>
  </testcase> <!-- ex2 -->
</testsuite> <!-- Test -->
