<?xml version="1.0" encoding="UTF-8"?>
<!-- Generated by org.testng.reporters.JUnitXMLReporter -->
<testsuite ignored="2" hostname="DESKTOP-FS56NRS" failures="0" tests="2" name="Test" time="7.427" errors="0" timestamp="2025-02-21T02:17:45 GMT-08:00">
  <testcase classname="Practice1.Test1" name="ex1" time="0.01"/>
  <testcase classname="Practice1.Test2" name="ex3" time="0.001"/>
  <testcase classname="Practice1.Test2" name="ex4" time="0.0">
    <ignored/>
  </testcase> <!-- ex4 -->
  <testcase classname="Practice1.Test1" name="ex2" time="0.0">
    <ignored/>
  </testcase> <!-- ex2 -->
</testsuite> <!-- Test -->
