<?xml version="1.0" encoding="UTF-8"?>
<!-- Generated by org.testng.reporters.JUnitXMLReporter -->
<testsuite ignored="2" hostname="DESKTOP-FS56NRS" failures="0" tests="4" name="test1" time="24.527" errors="0" timestamp="2025-02-21T12:05:34 GMT-08:00">
  <testcase classname="Practice1.Test1" name="ex1" time="0.014"/>
  <testcase classname="Practice1.Test1" name="ex2" time="0.0"/>
  <testcase classname="Practice1.Test2" name="ex3" time="0.001"/>
  <testcase classname="Practice1.Test2" name="ex4" time="0.001"/>
  <testcase classname="GenericUtility.BaseClass" name="@BeforeSuite configBasesuit" time="0.0">
    <ignored/>
  </testcase> <!-- @BeforeSuite configBasesuit -->
  <testcase classname="GenericUtility.BaseClass" name="@AfterSuite Aftersuite" time="0.0">
    <ignored/>
  </testcase> <!-- @AfterSuite Aftersuite -->
</testsuite> <!-- test1 -->
